[01:08:34] [main/INFO]: Loading Minecraft 1.21.4 with Fabric Loader 0.16.13
[01:08:34] [ForkJoinPool-1-worker-12/WARN]: Mod com_github_rtyley_animated-gif-lib-for-java uses the version animated-gif-lib-1.7 which isn't compatible with Loader's extended semantic version format (Could not parse version number component 'animated'!), SemVer is recommended for reliably evaluating dependencies and prioritizing newer version
[01:08:34] [main/INFO]: Loading 155 mods:
	- alinlib 2.1.0-beta.2+mc1.21.4
	   \-- meteordevelopment_starscript 0.3.4
	- alinperspective 1.0.0-alpha.4
	- appleskin 3.0.6+mc1.21.3
	- architectury 15.0.3
	- armor_hud 2.7-1.21.4
	- balm 21.4.28
	   \-- kuma_api 21.4.6
	- betterf3 13.0.0
	- bobby 5.2.6+mc1.21.4
	   |-- com_typesafe_config 1.4.2
	   |-- io_leangen_geantyref_geantyref 1.3.13
	   |-- org_spongepowered_configurate-core 4.1.2
	   \-- org_spongepowered_configurate-hocon 4.1.2
	- capes 1.5.5+1.21.4
	- chat_heads 0.13.14
	- chatanimation 1.0.6
	- cloth-config 17.0.144
	   \-- cloth-basic-math 0.6.1
	- clumps 22.0.0.1
	- cullleaves 4.0.3
	- dynamic_fps 3.9.3
	   \-- net_lostluma_battery 1.3.0
	- emojitype 2.3.0-1.21.3
	- enhancedblockentities 0.11.3+1.21.4
	- entity_model_features 2.4.1
	- entity_texture_features 6.2.10
	   \-- org_apache_httpcomponents_httpmime 4.5.10
	- entityculling 1.7.4
	- exordium 1.4.1
	- fabric-api 0.119.2+1.21.4
	   |-- fabric-api-base 0.4.54+b47eab6b04
	   |-- fabric-api-lookup-api-v1 1.6.86+b1caf1e904
	   |-- fabric-biome-api-v1 15.0.6+b1c29d8e04
	   |-- fabric-block-api-v1 1.0.31+7feeb73304
	   |-- fabric-block-view-api-v2 1.0.20+9c49cc8c04
	   |-- fabric-blockrenderlayer-v1 2.0.8+7feeb73304
	   |-- fabric-client-tags-api-v1 1.1.29+20ea1e2304
	   |-- fabric-command-api-v1 1.2.62+f71b366f04
	   |-- fabric-command-api-v2 2.2.41+e496eb1504
	   |-- fabric-commands-v0 0.2.79+df3654b304
	   |-- fabric-content-registries-v0 9.1.19+25d1a67604
	   |-- fabric-convention-tags-v1 2.1.20+7f945d5b04
	   |-- fabric-convention-tags-v2 2.14.1+1edcd29104
	   |-- fabric-crash-report-info-v1 0.3.6+7feeb73304
	   |-- fabric-data-attachment-api-v1 1.6.2+e99da0f704
	   |-- fabric-data-generation-api-v1 22.3.1+0f4e5f5504
	   |-- fabric-dimensions-v1 4.0.10+7feeb73304
	   |-- fabric-entity-events-v1 2.0.15+62245bef04
	   |-- fabric-events-interaction-v0 4.0.4+a4eebcf004
	   |-- fabric-game-rule-api-v1 1.0.63+7d48d43904
	   |-- fabric-item-api-v1 11.3.0+ee91fa1f04
	   |-- fabric-item-group-api-v1 4.2.2+fcb9601404
	   |-- fabric-key-binding-api-v1 1.0.57+7d48d43904
	   |-- fabric-keybindings-v0 0.2.55+df3654b304
	   |-- fabric-lifecycle-events-v1 2.5.4+bf2a60eb04
	   |-- fabric-loot-api-v2 3.0.38+3f89f5a504
	   |-- fabric-loot-api-v3 1.0.26+203e6b2304
	   |-- fabric-message-api-v1 6.0.25+7feeb73304
	   |-- fabric-model-loading-api-v1 4.3.0+ae23723504
	   |-- fabric-networking-api-v1 4.4.0+db5e668204
	   |-- fabric-object-builder-api-v1 18.0.14+38b0d59804
	   |-- fabric-particles-v1 4.0.14+7feeb73304
	   |-- fabric-recipe-api-v1 8.1.1+640e77ae04
	   |-- fabric-registry-sync-v0 6.1.11+4a9c1ece04
	   |-- fabric-renderer-api-v1 5.0.3+50f0feb204
	   |-- fabric-renderer-indigo 2.0.3+50f0feb204
	   |-- fabric-rendering-data-attachment-v1 0.3.58+73761d2e04
	   |-- fabric-rendering-fluids-v1 3.1.19+7feeb73304
	   |-- fabric-rendering-v1 10.2.1+0d31b09f04
	   |-- fabric-resource-conditions-api-v1 5.0.13+203e6b2304
	   |-- fabric-resource-loader-v0 3.1.1+360374ac04
	   |-- fabric-screen-api-v1 2.0.38+7feeb73304
	   |-- fabric-screen-handler-api-v1 1.3.118+7feeb73304
	   |-- fabric-sound-api-v1 1.0.32+7feeb73304
	   |-- fabric-tag-api-v1 1.0.7+7d48d43904
	   |-- fabric-transfer-api-v1 5.4.9+efa825c904
	   \-- fabric-transitive-access-wideners-v1 6.3.2+56e78b9b04
	- fabric-language-kotlin 1.13.2+kotlin.2.1.20
	   |-- org_jetbrains_kotlin_kotlin-reflect 2.1.20
	   |-- org_jetbrains_kotlin_kotlin-stdlib 2.1.20
	   |-- org_jetbrains_kotlin_kotlin-stdlib-jdk7 2.1.20
	   |-- org_jetbrains_kotlin_kotlin-stdlib-jdk8 2.1.20
	   |-- org_jetbrains_kotlinx_atomicfu-jvm 0.27.0
	   |-- org_jetbrains_kotlinx_kotlinx-coroutines-core-jvm 1.10.1
	   |-- org_jetbrains_kotlinx_kotlinx-coroutines-jdk8 1.10.1
	   |-- org_jetbrains_kotlinx_kotlinx-datetime-jvm 0.6.2
	   |-- org_jetbrains_kotlinx_kotlinx-io-bytestring-jvm 0.7.0
	   |-- org_jetbrains_kotlinx_kotlinx-io-core-jvm 0.7.0
	   |-- org_jetbrains_kotlinx_kotlinx-serialization-cbor-jvm 1.8.0
	   |-- org_jetbrains_kotlinx_kotlinx-serialization-core-jvm 1.8.0
	   \-- org_jetbrains_kotlinx_kotlinx-serialization-json-jvm 1.8.0
	- fabricloader 0.16.13
	   \-- mixinextras 0.4.1
	- fadeless 2.0.3
	   \-- midnightlib 1.6.10
	- fancymenu 3.5.0
	   |-- com_github_keksuccino_japng 0.5.3
	   |-- com_github_rtyley_animated-gif-lib-for-java animated-gif-lib-1.7
	   \-- mixinextras 0.4.1
	- fastipping 1.0.5
	- ferritecore 7.1.1
	- gammautils 2.2.3
	- hold-my-items 4.3
	- immediatelyfast 1.8.0+1.21.4
	   \-- net_lenni0451_reflect 1.3.4
	- iris 1.8.8+mc1.21.4
	   |-- io_github_douira_glsl-transformer 2.0.1
	   |-- org_anarres_jcpp 1.4.14
	   \-- org_antlr_antlr4-runtime 4.13.1
	- java 21
	- konkrete 1.9.9
	- lambdynlights 4.1.0+1.21.4
	   |-- lambdynlights_api 4.1.0+1.21.4
	   |-- pride 1.3.0+1.21.2
	   \-- spruceui 6.2.2+1.21.4
	- languagereload 1.7.3+1.21.4
	- lithium 0.15.3+mc1.21.4
	- malilib 0.23.2
	- melody 1.0.10
	- minecraft 1.21.4
	- modelfix 1.21.3-1.10
	- modernfix 5.20.3+mc1.21.4
	- modmenu 13.0.3
	- moreculling 1.2.10
	   |-- conditional-mixin 0.6.3
	   \-- mixinsquared 0.2.0
	- netherportalfix 21.4.3
	- no-resource-pack-warnings 1.3.0
	- nochatreports 1.21.4-v2.11.0
	- notenoughanimations 1.9.3
	- perspektive 1.4.3
	- placeholder-api 2.5.2+1.21.3
	- reeses-sodium-options 1.8.3+mc1.21.4
	- scalablelux 0.1.2+beta.1+fabric.6d46f24
	- shulkerboxtooltip 5.2.4+1.21.4
	- skinlayers3d 1.7.5
	- sodium 0.6.13+mc1.21.4
	- sodium-extra 0.6.1+mc1.21.4
	- txnilib 1.0.21
	   \-- forgeconfigapiport 21.4.1
	        |-- com_electronwill_night-config_core 3.8.1
	        \-- com_electronwill_night-config_toml 3.8.1
	- vmp 0.2.0+beta.7.192+1.21.4
	   \-- com_ibm_async_asyncutil 0.1.0
	- waveycapes 1.5.2
	- wi_zoom 1.6-MC1.21.4
	- yet_another_config_lib_v3 3.6.6+1.21.4-fabric
	   |-- com_twelvemonkeys_common_common-image 3.12.0
	   |-- com_twelvemonkeys_common_common-io 3.12.0
	   |-- com_twelvemonkeys_common_common-lang 3.12.0
	   |-- com_twelvemonkeys_imageio_imageio-core 3.12.0
	   |-- com_twelvemonkeys_imageio_imageio-metadata 3.12.0
	   |-- com_twelvemonkeys_imageio_imageio-webp 3.12.0
	   |-- org_quiltmc_parsers_gson 0.2.1
	   \-- org_quiltmc_parsers_json 0.2.1
[01:08:34] [main/INFO]: SpongePowered MIXIN Subsystem Version=0.8.7 Source=file:/C:/Users/Sayer/AppData/Roaming/.minecraft/libraries/net/fabricmc/sponge-mixin/0.15.4+mixin.0.8.7/sponge-mixin-0.15.4+mixin.0.8.7.jar Service=Knot/Fabric Env=CLIENT
[01:08:34] [main/INFO]: Compatibility level set to JAVA_21
[01:08:34] [main/WARN]: Reference map 'forgeconfigapiport.common.refmap.json' for forgeconfigapiport.common.mixins.json could not be read. If this is a development environment you can ignore this message
[01:08:35] [main/WARN]: Reference map 'iris.refmap.json' for mixins.iris.json could not be read. If this is a development environment you can ignore this message
[01:08:35] [main/WARN]: Reference map 'iris-fabric.refmap.json' for mixins.iris.fabric.json could not be read. If this is a development environment you can ignore this message
[01:08:35] [main/WARN]: Reference map 'iris.refmap.json' for iris-batched-entity-rendering.mixins.json could not be read. If this is a development environment you can ignore this message
[01:08:35] [main/WARN]: Reference map 'iris.refmap.json' for mixins.iris.fantastic.json could not be read. If this is a development environment you can ignore this message
[01:08:35] [main/WARN]: Reference map 'iris.refmap.json' for mixins.iris.vertexformat.json could not be read. If this is a development environment you can ignore this message
[01:08:35] [main/WARN]: Reference map 'iris.refmap.json' for mixins.iris.bettermipmaps.json could not be read. If this is a development environment you can ignore this message
[01:08:35] [main/WARN]: Reference map 'iris.refmap.json' for mixins.iris.compat.sodium.json could not be read. If this is a development environment you can ignore this message
[01:08:35] [main/WARN]: Reference map 'iris.refmap.json' for mixins.iris.fixes.maxfpscrash.json could not be read. If this is a development environment you can ignore this message
[01:08:35] [main/WARN]: Mod 'ferritecore' attempted to override option 'mixin.alloc.blockstate', which doesn't exist, ignoring
[01:08:35] [main/INFO]: Loaded configuration file for Lithium: 158 options available, 0 override(s) found.
[01:08:35] [main/INFO]: Loaded configuration file for ModernFix 5.20.3+mc1.21.4: 54 options available, 0 override(s) found
[01:08:35] [main/INFO]: Applying Nashorn fix
[01:08:35] [main/INFO]: Loaded configuration file for Sodium: 43 options available, 1 override(s) found
[01:08:35] [main/INFO]: Loaded configuration file for Sodium Extra: 34 options available, 0 override(s) found
[01:08:35] [main/INFO]: Successfully started async appender with [Tracy, SysOut, File]
[01:08:35] [main/WARN]: Error loading class: me/jellysquid/mods/sodium/client/render/immediate/model/EntityRenderer (java.lang.ClassNotFoundException: me/jellysquid/mods/sodium/client/render/immediate/model/EntityRenderer)
[01:08:35] [main/WARN]: Error loading class: xaero/common/events/ModClientEvents (java.lang.ClassNotFoundException: xaero/common/events/ModClientEvents)
[01:08:35] [main/WARN]: @Mixin target xaero.common.events.ModClientEvents was not found exordium.mixins.json:support/XaerosMinimapMixin from mod exordium
[01:08:35] [main/WARN]: Error loading class: dev/tr7zw/paperdoll/PaperDollRenderer (java.lang.ClassNotFoundException: dev/tr7zw/paperdoll/PaperDollRenderer)
[01:08:36] [main/WARN]: Force-disabling mixin 'features.render.world.sky.FogRendererMixin' as rule 'mixin.features.render.world.sky' (added by mods [iris]) disables it and children
[01:08:36] [main/WARN]: Force-disabling mixin 'features.render.world.sky.ClientLevelMixin' as rule 'mixin.features.render.world.sky' (added by mods [iris]) disables it and children
[01:08:36] [main/WARN]: Force-disabling mixin 'features.render.world.sky.LevelRendererMixin' as rule 'mixin.features.render.world.sky' (added by mods [iris]) disables it and children
[01:08:36] [main/WARN]: Error loading class: org/jetbrains/annotations/ApiStatus$Internal (java.lang.ClassNotFoundException: org/jetbrains/annotations/ApiStatus$Internal)
[01:08:36] [main/INFO]: Searching for graphics cards...
[01:08:36] [main/INFO]: Found graphics adapter: AdapterInfo{vendor=AMD, description='AMD Radeon(TM) Graphics', adapterType=0x0000032B, openglIcdFilePath='C:\Windows\System32\DriverStore\FileRepository\u0407052.inf_amd64_84d15514ad17ffa0\B406619\atig6pxx.dll', openglIcdVersion=31.0.21921.1000}
[01:08:36] [main/INFO]: Initializing MixinExtras via com.llamalad7.mixinextras.service.MixinExtrasServiceImpl(version=0.4.1).
[01:08:38] [Datafixer Bootstrap/INFO]: 243 Datafixer optimizations took 429 milliseconds
[01:08:40] [main/WARN]: Method overwrite conflict for method_21740 in modernfix-common.mixins.json:perf.remove_biome_temperature_cache.BiomeMixin from mod modernfix, previously written by net.caffeinemc.mods.lithium.mixin.world.temperature_cache.BiomeMixin. Skipping method.
[01:08:43] [main/INFO]: Vanilla bootstrap took 4528 milliseconds
[01:08:43] [main/WARN]: Method overwrite conflict for getTickCount in exordium.mixins.json:GuiMixin from mod exordium, previously written by dev.tr7zw.exordium.mixin.GuiHealthMixin. Skipping method.
[01:08:44] [Render thread/INFO]: Environment: Environment[sessionHost=https://sessionserver.mojang.com, servicesHost=https://api.minecraftservices.com, name=PROD]
[01:08:44] [Render thread/INFO]: Setting user: xSayer
[01:08:44] [Render thread/INFO]: ChatAnimation initialized!
[01:08:44] [Render thread/INFO]: [STDOUT]: EmojiType initialized!
[01:08:44] [Render thread/INFO]: Loading Fadeless Fabric
[01:08:44] [Render thread/INFO]: [FANCYMENU] Loading v3.5.0 in client-side mode on FABRIC!
[01:08:44] [Render thread/INFO]: ping & connect fast!
[01:08:44] [Render thread/INFO]: Hello Fabric world!
[01:08:44] [Render thread/INFO]: [KONKRETE] Loading v1.9.9 in client-side mode on FABRIC!
[01:08:44] [Render thread/INFO]: ---------------------------
[01:08:44] [Render thread/INFO]: KONKRETE SHIPS AND USES THE FOLLOWING LIBRARIES:
[01:08:44] [Render thread/INFO]:  
[01:08:44] [Render thread/INFO]: Open Imaging Copyright © 2014 Dhyan Blum.
[01:08:44] [Render thread/INFO]: Open Imaging is licensed under Apache-2.0.
[01:08:44] [Render thread/INFO]:  
[01:08:44] [Render thread/INFO]: JsonPath Copyright © 2017 Jayway.
[01:08:44] [Render thread/INFO]: JsonPath is licensed under Apache-2.0.
[01:08:44] [Render thread/INFO]:  
[01:08:44] [Render thread/INFO]: Json-smart Copyright © netplex.
[01:08:44] [Render thread/INFO]: Json-smart is licensed under Apache-2.0.
[01:08:44] [Render thread/INFO]:  
[01:08:44] [Render thread/INFO]: Exp4j Copyright © Frank Asseg.
[01:08:44] [Render thread/INFO]: Exp4j is licensed under Apache-2.0. https://github.com/fasseg/exp4j
[01:08:44] [Render thread/INFO]: ---------------------------
[01:08:44] [Render thread/INFO]: [KONKRETE] Server-side modules initialized and ready to use!
[01:08:44] [Render thread/INFO]: [MELODY] Loading v1.0.10 on FABRIC...
[01:08:44] [Render thread/INFO]: [ShulkerBoxTooltip] Could not find configuration file, creating default file
[01:08:44] [Render thread/INFO]: [STDOUT]: TxniLib onInitialize!!
[01:08:44] [Render thread/INFO]: [STDOUT]: Starting WI Zoom v1.6-MC1.21.4
[01:08:44] [Render thread/INFO]: [AlinaLib] [Style] Registration of alinlib.style.flat by id flat
[01:08:44] [Render thread/INFO]: [AlinaLib] [Style] Registration of alinlib.style.modern by id modern
[01:08:44] [Render thread/INFO]: [AlinaLib] [Style] Registration of alinlib.style.windows by id windows
[01:08:44] [Render thread/INFO]: [AlinaLib] [Style] Registration of alinlib.style.twm by id twm
[01:08:44] [Render thread/INFO]: Registering S2C receiver with id architectury:spawn_entity_packet
[01:08:44] [Render thread/INFO]: [BetterF3] Loading...
[01:08:44] [Render thread/INFO]: [BetterF3] All done!
[01:08:45] [Render thread/INFO]: Trying to read config file...
[01:08:45] [Render thread/INFO]: A config file was found, loading it..
[01:08:45] [Render thread/INFO]: Successfully loaded config file.
[01:08:45] [Render thread/INFO]: Dynamic FPS 3.9.3 active on Fabric!
[01:08:45] [Render thread/INFO]: Loading Entity Model Features, now compatible with every mod, except all the ones that aren't...
[01:08:45] [Render thread/INFO]: [ETF]: 6 new ETF Random Properties registered by entity_model_features.
[01:08:45] [Render thread/INFO]: Loading Entity Texture Features, you just lost the game.
[01:08:45] [Render thread/INFO]: [Indigo] Different rendering plugin detected; not applying Indigo.
[01:08:45] [Render thread/INFO]: [LambDynLights] Initializing LambDynamicLights...
[01:08:45] [Render thread/INFO]: [LambDynLights] Configuration loaded.
[01:08:45] [Render thread/INFO]: Loaded config modelfix-client.json
[01:08:46] [Render thread/INFO]: Checking mod updates...
[01:08:46] [Render thread/INFO]: Perspektive initialized
[01:08:46] [Render thread/INFO]: Deserializing YACLConfig from 'C:\Users\Sayer\AppData\Roaming\.minecraft\versions\fabric-loader-0.16.13-1.21.4\config\yacl.json5'
[01:08:46] [Render thread/INFO]: Backend library: LWJGL version 3.3.3-snapshot
[01:08:47] [Render thread/INFO]: OpenGL Vendor: ATI Technologies Inc.
[01:08:47] [Render thread/INFO]: OpenGL Renderer: AMD Radeon(TM) Graphics
[01:08:47] [Render thread/INFO]: OpenGL Version: 3.2.0 Core Profile Context 24.9.1.240813
[01:08:47] [Render thread/INFO]: Initializing ImmediatelyFast 1.8.0+1.21.4 on AMD Radeon(TM) Graphics (ATI Technologies Inc.) with OpenGL 3.2.0 Core Profile Context 24.9.1.240813
[01:08:47] [Render thread/INFO]: Found Iris/Oculus 1.8.8+mc1.21.4. Enabling compatibility.
[01:08:47] [ForkJoinPool.commonPool-worker-1/WARN]: [Iris Update Check] This version doesn't have an update index, skipping.
[01:08:47] [Render thread/INFO]: Debug functionality is disabled.
[01:08:47] [Render thread/INFO]: ARB_direct_state_access detected, enabling DSA.
[01:08:47] [Render thread/INFO]: Profile: LOW (+0 options changed by user)
[01:08:47] [Render thread/INFO]: Using shaderpack: miniature-shader-2.14.5.zip
[01:08:48] [Render thread/INFO]: Hardware information:
[01:08:48] [Render thread/INFO]: CPU: 12x AMD Ryzen 5 5600G with Radeon Graphics 
[01:08:48] [Render thread/INFO]: GPU: AMD Radeon(TM) Graphics (Supports OpenGL 3.2.0 Core Profile Context 24.9.1.240813)
[01:08:48] [Render thread/INFO]: OS: Windows 10 (10.0)
[01:08:48] [Render thread/INFO]: [FANCYMENU] Registering resource reload listener..
[01:08:48] [Render thread/INFO]: Invalidating pack caches
[01:08:48] [Render thread/INFO]: Reloading ResourceManager: vanilla, fabric, alinlib, alinperspective, appleskin, armor_hud, balm, betterf3, bobby, capes, chat_heads, chatanimation, cloth-config, conditional-mixin, cullleaves, dynamic_fps, emojitype, enhancedblockentities, entity_model_features, entity_texture_features, entityculling, exordium, fabric-api, fabric-api-base, fabric-api-lookup-api-v1, fabric-biome-api-v1, fabric-block-api-v1, fabric-block-view-api-v2, fabric-blockrenderlayer-v1, fabric-client-tags-api-v1, fabric-command-api-v1, fabric-command-api-v2, fabric-commands-v0, fabric-content-registries-v0, fabric-convention-tags-v1, fabric-convention-tags-v2, fabric-crash-report-info-v1, fabric-data-attachment-api-v1, fabric-data-generation-api-v1, fabric-dimensions-v1, fabric-entity-events-v1, fabric-events-interaction-v0, fabric-game-rule-api-v1, fabric-item-api-v1, fabric-item-group-api-v1, fabric-key-binding-api-v1, fabric-keybindings-v0, fabric-language-kotlin, fabric-lifecycle-events-v1, fabric-loot-api-v2, fabric-loot-api-v3, fabric-message-api-v1, fabric-model-loading-api-v1, fabric-networking-api-v1, fabric-object-builder-api-v1, fabric-particles-v1, fabric-recipe-api-v1, fabric-registry-sync-v0, fabric-renderer-api-v1, fabric-renderer-indigo, fabric-rendering-data-attachment-v1, fabric-rendering-fluids-v1, fabric-rendering-v1, fabric-resource-conditions-api-v1, fabric-resource-loader-v0, fabric-screen-api-v1, fabric-screen-handler-api-v1, fabric-sound-api-v1, fabric-tag-api-v1, fabric-transfer-api-v1, fabric-transitive-access-wideners-v1, fabricloader, fadeless, fancymenu, fastipping, forgeconfigapiport, gammautils, hold-my-items, immediatelyfast, iris, konkrete, lambdynlights, lambdynlights_api, languagereload, lithium, malilib, midnightlib, modernfix, modmenu, moreculling, netherportalfix, nochatreports, notenoughanimations, perspektive, placeholder-api, pride, reeses-sodium-options, scalablelux, shulkerboxtooltip, skinlayers3d, sodium, sodium-extra, spruceui, txnilib, vmp, waveycapes, wi_zoom, yet_another_config_lib_v3, file/FreshAnimations_v1.9.3.zip, file/SodiumTranslations.zip, cullleaves:smartleaves, file/! §5§lPurple+_3D_Crystal.zip
[01:08:48] [Worker-ResourceReload-4/INFO]: Found unifont_jp_patch-16.0.01.hex, loading
[01:08:48] [Worker-ResourceReload-8/INFO]: Found unifont_all_no_pua-16.0.01.hex, loading
[01:08:49] [Render thread/INFO]: [FANCYMENU] Initializing screen customization engine! Addons should NOT REGISTER TO REGISTRIES anymore now!
[01:08:49] [Worker-ResourceReload-1/WARN]: Method overwrite conflict for getCullingBox in sodium-common.mixins.json:core.render.world.EntityRendererAccessor from mod sodium, previously written by dev.tr7zw.entityculling.mixin.EntityRendererMixin. Skipping method.
[01:08:49] [Render thread/INFO]: fancymenu.mixins.json:client.IMixinRealmsNotificationsScreen from mod fancymenu->@Accessor[FIELD_GETTER]::get_trialAvailable_FancyMenu()Z should be static as its target is
[01:08:49] [Render thread/INFO]: fancymenu.mixins.json:client.IMixinRealmsNotificationsScreen from mod fancymenu->@Accessor[FIELD_GETTER]::get_hasUnreadNews_FancyMenu()Z should be static as its target is
[01:08:49] [Render thread/INFO]: fancymenu.mixins.json:client.IMixinRealmsNotificationsScreen from mod fancymenu->@Accessor[FIELD_GETTER]::get_hasUnseenNotifications()Z should be static as its target is
[01:08:49] [Worker-ResourceReload-6/WARN]: Missing block model: 'minecraft:builtin/entity'
[01:08:50] [Render thread/INFO]: Creating new TamagotchiEasterEgg with screen size: 0x0
[01:08:50] [Render thread/INFO]: Initialized 2 GUI buttons
[01:08:50] [Render thread/INFO]: Delaying buddy state loading until screen size is properly set
[01:08:50] [Render thread/INFO]: [FANCYMENU] Starting late client initialization phase..
[01:08:50] [Render thread/INFO]: [KONKRETE] Client-side modules initialized and ready to use!
[01:08:50] [Render thread/INFO]: Cached all modded block culling states
[01:08:50] [Render thread/INFO]: [AlinaLib] Client started. MC Version: fabric-loader-0.16.13-1.21.4
[01:08:50] [Render thread/INFO]: [FANCYMENU] ScreenCustomizationLayer registered: generic_dirt_message_screen
[01:08:50] [Worker-ResourceReload-1/WARN]: Missing textures in model minecraft:hopper#enabled=true,facing=south:
    minecraft:textures/atlas/blocks.png:minecraft:break/hopper
[01:08:50] [Worker-ResourceReload-1/WARN]: Missing textures in model minecraft:hopper#enabled=true,facing=west:
    minecraft:textures/atlas/blocks.png:minecraft:break/hopper
[01:08:50] [Worker-ResourceReload-1/WARN]: Missing textures in model minecraft:hopper#enabled=true,facing=down:
    minecraft:textures/atlas/blocks.png:minecraft:break/hopper
[01:08:50] [Worker-ResourceReload-1/WARN]: Missing textures in model minecraft:hopper#enabled=false,facing=north:
    minecraft:textures/atlas/blocks.png:minecraft:break/hopper
[01:08:50] [Worker-ResourceReload-1/WARN]: Missing textures in model minecraft:hopper#enabled=false,facing=east:
    minecraft:textures/atlas/blocks.png:minecraft:break/hopper
[01:08:50] [Worker-ResourceReload-1/WARN]: Missing texture references in model minecraft:decorated_pot#cracked=false,facing=west,waterlogged=true:
    particle
[01:08:50] [Worker-ResourceReload-1/WARN]: Missing texture references in model minecraft:decorated_pot#cracked=false,facing=north,waterlogged=false:
    particle
[01:08:50] [Worker-ResourceReload-1/WARN]: Missing texture references in model minecraft:decorated_pot#cracked=true,facing=east,waterlogged=false:
    particle
[01:08:50] [Worker-ResourceReload-1/WARN]: Missing texture references in model minecraft:decorated_pot#cracked=true,facing=south,waterlogged=true:
    particle
[01:08:50] [Worker-ResourceReload-1/WARN]: Missing texture references in model minecraft:end_crystal#inventory:
    particle
[01:08:51] [Render thread/INFO]: OpenAL initialized on device OpenAL Soft on Altavoces (USB Audio Device)
[01:08:51] [Render thread/INFO]: Sound engine started
[01:08:51] [Render thread/INFO]: [FANCYMENU] Reloading AudioResourceHandler after Minecraft SoundEngine reload..
[01:08:51] [Render thread/INFO]: Created: 1024x1024x4 minecraft:textures/atlas/blocks.png-atlas
[01:08:51] [Render thread/INFO]: Created: 256x256x4 minecraft:textures/atlas/signs.png-atlas
[01:08:51] [Render thread/INFO]: Created: 512x512x4 minecraft:textures/atlas/banner_patterns.png-atlas
[01:08:51] [Render thread/INFO]: Created: 512x512x4 minecraft:textures/atlas/shield_patterns.png-atlas
[01:08:51] [Render thread/INFO]: Created: 2048x1024x4 minecraft:textures/atlas/armor_trims.png-atlas
[01:08:51] [Render thread/INFO]: Created: 256x256x4 minecraft:textures/atlas/chest.png-atlas
[01:08:51] [Render thread/INFO]: Created: 128x64x4 minecraft:textures/atlas/decorated_pot.png-atlas
[01:08:51] [Render thread/INFO]: Created: 512x256x4 minecraft:textures/atlas/beds.png-atlas
[01:08:51] [Render thread/INFO]: Created: 512x256x4 minecraft:textures/atlas/shulker_boxes.png-atlas
[01:08:51] [Render thread/INFO]: Created: 64x64x0 minecraft:textures/atlas/map_decorations.png-atlas
[01:08:52] [Render thread/INFO]: [ETF]: emissive suffixes loaded: {_e}.
[01:08:53] [Render thread/INFO]: Created: 2048x2048x0 minecraft:textures/atlas/particles.png-atlas
[01:08:53] [Render thread/INFO]: Created: 512x256x0 minecraft:textures/atlas/paintings.png-atlas
[01:08:53] [Render thread/INFO]: Created: 512x512x0 minecraft:textures/atlas/mob_effects.png-atlas
[01:08:53] [Render thread/INFO]: Created: 2048x1024x0 minecraft:textures/atlas/gui.png-atlas
[01:08:53] [Render thread/INFO]: [FANCYMENU] Reloading resources..
[01:08:53] [Render thread/INFO]: [FANCYMENU] Pre-loading resources..
[01:08:53] [Render thread/ERROR]: [FANCYMENU] Failed to read GIF image from file! File not found: C:\Users\Sayer\AppData\Roaming\.minecraft\versions\fabric-loader-0.16.13-1.21.4\config\fancymenu\assets\botton22.gif
[01:08:53] [Render thread/ERROR]: [FANCYMENU] Failed to pre-load resource! Loading failed for: [source:local]C:/Users/Sayer/AppData/Roaming/.minecraft/versions/fabric-loader-0.16.13-1.21.4/config/fancymenu/assets/botton22.gif
[01:08:53] [Render thread/INFO]: Forcing leaf culling as requested by resourcepack
[01:08:53] [Render thread/INFO]: [FANCYMENU] Minecraft resource reload: FINISHED
[01:08:53] [Render thread/INFO]: [ETF]: reloading ETF data.
[01:08:53] [Render thread/INFO]: [ETF]: emissive suffixes loaded: {_e}.
[01:08:53] [Render thread/INFO]: [FANCYMENU] ScreenCustomizationLayer registered: title_screen
[01:08:53] [Render thread/INFO]: Creating pipeline for dimension minecraft:overworld
[01:08:54] [Thread-10/ERROR]: [FANCYMENU] Failed to read WAV header of WavAudio: C:\Users\Sayer\AppData\Roaming\.minecraft\versions\fabric-loader-0.16.13-1.21.4\config\fancymenu\assets\clap.wav
java.io.IOException: Invalid fmt header: JUNK
	at knot/de.keksuccino.fancymenu.util.resource.resources.audio.wav.WavHeader.read(WavHeader.java:49) ~[fancymenu_fabric_3.5.0_MC_1.21.4.jar:?]
	at knot/de.keksuccino.fancymenu.util.resource.resources.audio.wav.WavAudio.lambda$of$1(WavAudio.java:256) ~[fancymenu_fabric_3.5.0_MC_1.21.4.jar:?]
	at java.base/java.lang.Thread.run(Thread.java:1583) [?:?]
[01:08:54] [Thread-10/WARN]: [FANCYMENU] Invalid WAV header duration calculated for: C:\Users\Sayer\AppData\Roaming\.minecraft\versions\fabric-loader-0.16.13-1.21.4\config\fancymenu\assets\clap.wav
[01:08:54] [Thread-10/INFO]: [STDERR]: de.keksuccino.melody.resources.audio.openal.ALException: Failed to convert AudioFormat to OpenAL! Unsupported format: PCM_FLOAT 44100.0 Hz, 32 bit, stereo, 8 bytes/frame
[01:08:54] [Thread-10/INFO]: [STDERR]: 	at knot//de.keksuccino.melody.resources.audio.openal.ALUtils.getAudioFormatAsOpenAL(ALUtils.java:53)
[01:08:54] [Thread-10/INFO]: [STDERR]: 	at knot//de.keksuccino.melody.resources.audio.openal.ALAudioBuffer.prepare(ALAudioBuffer.java:32)
[01:08:54] [Thread-10/INFO]: [STDERR]: 	at knot//de.keksuccino.melody.resources.audio.openal.ALAudioBuffer.getSource(ALAudioBuffer.java:25)
[01:08:54] [Thread-10/INFO]: [STDERR]: 	at knot//de.keksuccino.melody.resources.audio.openal.ALAudioClip.setStaticBuffer(ALAudioClip.java:203)
[01:08:54] [Thread-10/INFO]: [STDERR]: 	at knot//de.keksuccino.fancymenu.util.resource.resources.audio.wav.WavAudio.lambda$of$1(WavAudio.java:281)
[01:08:54] [Thread-10/INFO]: [STDERR]: 	at java.base/java.lang.Thread.run(Thread.java:1583)
[01:08:56] [Render thread/INFO]: [AlinaLib] Client full started. MC Version: fabric-loader-0.16.13-1.21.4
[01:08:56] [Render thread/WARN]: Game took 23.323 seconds to start
[01:08:59] [Render thread/INFO]: [FANCYMENU] ScreenCustomizationLayer registered: options_screen
[01:09:08] [Render thread/INFO]: [FANCYMENU] ScreenCustomizationLayer registered: join_multiplayer_screen
[01:20:59] [Render thread/INFO]: [FANCYMENU] ScreenCustomizationLayer registered: edit_server_screen
[01:21:04] [Render thread/ERROR]: Can't ping Chorilandia.aternos.me: Internal Exception: java.net.SocketException: Connection reset
[01:21:05] [Render thread/INFO]: [FANCYMENU] ScreenCustomizationLayer registered: progress_screen
[01:21:05] [Render thread/INFO]: [FANCYMENU] ScreenCustomizationLayer registered: connect_screen
[01:21:05] [Render thread/INFO]: Connecting to Chorilandia.aternos.me, 25565
[01:21:07] [Render thread/INFO]: [FANCYMENU] ScreenCustomizationLayer registered: receiving_level_screen
[01:21:07] [Render thread/INFO]: Reloading pipeline on dimension change: minecraft:overworld => minecraft:overworld
[01:21:07] [Render thread/INFO]: Destroying pipeline minecraft:overworld
[01:21:07] [Render thread/INFO]: Creating pipeline for dimension minecraft:overworld
[01:21:07] [Render thread/INFO]: Started 6 worker threads
[01:21:07] [Render thread/INFO]: Loaded 2 advancements
[01:21:07] [Render thread/INFO]: [ShulkerBoxTooltip Plugins] Loading 1 plugin: shulkerboxtooltip
[01:21:07] [Render thread/INFO]: [ShulkerBoxTooltip Plugins] Registered 19 color keys for mod shulkerboxtooltip
[01:21:07] [Render thread/INFO]: [ShulkerBoxTooltip Plugins] Registered 31 providers for mod shulkerboxtooltip
[01:21:07] [Render thread/INFO]: Stopping worker threads
[01:21:07] [Render thread/INFO]: Started 6 worker threads
[01:21:07] [Render thread/INFO]: [STDOUT]: [ScalableLux] Lighting scaling is enabled, using 4 threads
[01:21:08] [Render thread/WARN]: Time from main menu to in-game was 2.7118726 seconds
[01:21:08] [Render thread/WARN]: Total time to load game and open world was 26.034872 seconds
[01:21:11] [Render thread/INFO]: [FANCYMENU] ScreenCustomizationLayer registered: pause_screen
[01:21:28] [Render thread/INFO]: [CHAT] xSayer ha conseguido el progreso [Cazamonstruos]
[01:21:28] [Render thread/INFO]: Loaded 41 advancements
[01:21:29] [Render thread/INFO]: Loaded 42 advancements
[01:21:51] [Render thread/INFO]: Loaded 50 advancements
[01:21:56] [Render thread/INFO]: [FANCYMENU] ScreenCustomizationLayer registered: death_screen
[01:21:56] [Render thread/INFO]: [CHAT] xSayer fue disparado/a por Esqueleto
[01:22:39] [Render thread/INFO]: [CHAT] JuM3x ha conseguido el progreso [En el punto de mira]
[01:22:43] [Render thread/INFO]: [CHAT] xSayer fue empujado desde muy alto por JuM3x
[01:22:51] [Render thread/INFO]: Loaded 50 advancements
[01:22:57] [Render thread/INFO]: Loaded 50 advancements
[01:23:01] [Render thread/INFO]: Loaded 50 advancements
[01:23:06] [Render thread/INFO]: [CHAT] xSayer fue detonado/a por Creeper
[01:23:34] [Render thread/INFO]: Loaded 60 advancements
[01:23:36] [Render thread/INFO]: [FANCYMENU] ScreenCustomizationLayer registered: com.terraformersmc.modmenu.gui.ModsScreen
[01:23:39] [Render thread/INFO]: [FANCYMENU] ScreenCustomizationLayer registered: me.shedaniel.clothconfig2.gui.ClothConfigScreen
[01:24:01] [Render thread/INFO]: Loaded 60 advancements
[01:26:10] [Render thread/INFO]: [CHAT] xSayer se cayó desde un lugar alto
[01:27:13] [Render thread/INFO]: Loaded 60 advancements
[01:27:27] [Render thread/INFO]: Stopping worker threads
[01:27:30] [Render thread/INFO]: [FANCYMENU] ScreenCustomizationLayer registered: select_world_screen
[01:27:30] [Render thread/ERROR]: Invalid icon for world Sayers Preview
java.lang.IllegalArgumentException: Icon must be 64x64, but was 500x500
	at knot/net.minecraft.class_8573.method_52199(class_8573.java:41) ~[client-intermediary.jar:?]
	at knot/net.minecraft.class_528$class_4272.method_52205(class_528.java:547) ~[client-intermediary.jar:?]
	at knot/net.minecraft.class_528$class_4272.<init>(class_528.java:284) ~[client-intermediary.jar:?]
	at knot/net.minecraft.class_528.method_43454(class_528.java:199) ~[client-intermediary.jar:?]
	at knot/net.minecraft.class_528.method_44678(class_528.java:160) ~[client-intermediary.jar:?]
	at knot/net.minecraft.class_528.method_48579(class_528.java:151) ~[client-intermediary.jar:?]
	at knot/net.minecraft.class_339.method_25394(class_339.java:66) ~[client-intermediary.jar:?]
	at knot/net.minecraft.class_437.method_25394(class_437.java:127) ~[client-intermediary.jar:?]
	at knot/net.minecraft.class_526.method_25394(class_526.java:96) ~[client-intermediary.jar:?]
	at knot/net.minecraft.class_437.method_47413(class_437.java:116) ~[client-intermediary.jar:?]
	at knot/net.minecraft.class_757.mixinextras$bridge$method_47413$89(class_757.java) ~[client-intermediary.jar:?]
	at knot/net.minecraft.class_757.wrapOperation$blg000$fabric-screen-api-v1$onRenderScreen(class_757.java:2414) ~[client-intermediary.jar:?]
	at knot/net.minecraft.class_757.mixinextras$bridge$wrapOperation$blg000$fabric-screen-api-v1$onRenderScreen$90(class_757.java) ~[client-intermediary.jar:?]
	at knot/net.minecraft.class_757.wrapOperation$bpa000$fancymenu$wrapRenderScreenFancyMenu(class_757.java:3400) ~[client-intermediary.jar:?]
	at knot/net.minecraft.class_757.mixinextras$bridge$wrapOperation$bpa000$fancymenu$wrapRenderScreenFancyMenu$92(class_757.java) ~[client-intermediary.jar:?]
	at knot/net.minecraft.class_757.wrapOperation$cin000$konkrete$wrapRenderScreen_Konkrete(class_757.java:6896) [client-intermediary.jar:?]
	at knot/net.minecraft.class_757.method_3192(class_757.java:551) [client-intermediary.jar:?]
	at knot/net.minecraft.class_310.method_1523(class_310.java:1341) [client-intermediary.jar:?]
	at knot/net.minecraft.class_310.method_1514(class_310.java:922) [client-intermediary.jar:?]
	at knot/net.minecraft.client.main.Main.main(Main.java:267) [client-intermediary.jar:?]
	at net.fabricmc.loader.impl.game.minecraft.MinecraftGameProvider.launch(MinecraftGameProvider.java:480) [fabric-loader-0.16.13.jar:?]
	at net.fabricmc.loader.impl.launch.knot.Knot.launch(Knot.java:74) [fabric-loader-0.16.13.jar:?]
	at net.fabricmc.loader.impl.launch.knot.KnotClient.main(KnotClient.java:23) [fabric-loader-0.16.13.jar:?]
[01:27:31] [Render thread/INFO]: Loaded 1370 recipes
[01:27:31] [Render thread/INFO]: Loaded 1481 advancements
[01:27:31] [Render thread/INFO]: Applied 0 biome modifications to 0 of 65 new biomes in 1.595 ms
[01:27:31] [Server thread/INFO]: Starting integrated minecraft server version 1.21.4
[01:27:31] [Server thread/INFO]: Generating keypair
[01:27:32] [Render thread/INFO]: [FANCYMENU] ScreenCustomizationLayer registered: level_loading_screen
[01:27:32] [Server thread/INFO]: Changing watch distance to 10
[01:27:32] [Server thread/INFO]: Changing watch distance to 10
[01:27:32] [Server thread/INFO]: Changing watch distance to 10
[01:27:32] [Server thread/INFO]: Preparing start region for dimension minecraft:overworld
[01:27:32] [Server thread/WARN]: Method overwrite conflict for removeIf in modernfix-common.mixins.json:bugfix.paper_chunk_patches.SortedArraySetMixin from mod modernfix, previously written by net.caffeinemc.mods.lithium.mixin.collections.chunk_tickets.SortedArraySetMixin. Skipping method.
[01:27:32] [Render thread/INFO]: Preparando área de aparición: 0 %
[01:27:32] [Render thread/INFO]: Preparando área de aparición: 91 %
[01:27:32] [Render thread/INFO]: Time elapsed: 539 ms
[01:27:32] [Server thread/ERROR]: Couldn't load server icon
java.lang.IllegalStateException: Must be 64 pixels wide
	at knot/com.google.common.base.Preconditions.checkState(Preconditions.java:513) ~[guava-33.3.1-jre.jar:?]
	at knot/net.minecraft.server.MinecraftServer.method_49387(MinecraftServer.java:899) ~[client-intermediary.jar:?]
	at java.base/java.util.Optional.flatMap(Optional.java:289) ~[?:?]
	at knot/net.minecraft.server.MinecraftServer.method_49384(MinecraftServer.java:896) ~[client-intermediary.jar:?]
	at knot/net.minecraft.server.MinecraftServer.method_29741(MinecraftServer.java:681) ~[client-intermediary.jar:?]
	at knot/net.minecraft.server.MinecraftServer.method_29739(MinecraftServer.java:292) ~[client-intermediary.jar:?]
	at java.base/java.lang.Thread.run(Thread.java:1583) [?:?]
[01:27:33] [Server thread/INFO]: Changing view distance to 12, from 10
[01:27:33] [Server thread/INFO]: Changing watch distance to 12
[01:27:33] [Server thread/INFO]: Changing watch distance to 12
[01:27:33] [Server thread/INFO]: Changing watch distance to 12
[01:27:33] [Server thread/INFO]: Changing simulation distance to 12, from 0
[01:27:33] [Server thread/INFO]: xSayer[local:E:974006ef] logged in with entity id 33520 at (-793.6988074804361, 84.82072175854782, 1092.2274864172355)
[01:27:33] [Render thread/INFO]: Reloading pipeline on dimension change: minecraft:overworld => minecraft:overworld
[01:27:33] [Render thread/INFO]: Destroying pipeline minecraft:overworld
[01:27:33] [Render thread/INFO]: Creating pipeline for dimension minecraft:overworld
[01:27:33] [Server thread/INFO]: xSayer se conectó
[01:27:33] [Render thread/INFO]: Started 6 worker threads
[01:27:33] [Render thread/INFO]: [ShulkerBoxTooltip] Server integration enabled, attempting handshake...
[01:27:33] [Render thread/INFO]: Stopping worker threads
[01:27:33] [Render thread/INFO]: Started 6 worker threads
[01:27:33] [Server thread/INFO]: [ShulkerBoxTooltip] xSayer: protocol version: 2.0
[01:27:33] [Render thread/INFO]: Loaded 8 advancements
[01:27:33] [Render thread/INFO]: [ShulkerBoxTooltip] Handshake succeeded
[01:27:33] [Render thread/INFO]: [ShulkerBoxTooltip] Server protocol version: 2.0
[01:27:33] [Render thread/WARN]: Time from main menu to in-game was 2.123838 seconds
[01:27:33] [Render thread/WARN]: Total time to load game and open world was 25.446838 seconds
[01:27:38] [Server thread/INFO]: [@: Tiempo ajustado a 18000]
[01:27:41] [Server thread/INFO]: Saving and pausing game...
[01:27:41] [Server thread/INFO]: Saving chunks for level 'ServerLevel[§6§lSayer's §7§lPreview]'/minecraft:overworld
[01:27:41] [Server thread/INFO]: Saving chunks for level 'ServerLevel[§6§lSayer's §7§lPreview]'/minecraft:the_nether
[01:27:41] [Server thread/INFO]: Saving chunks for level 'ServerLevel[§6§lSayer's §7§lPreview]'/minecraft:the_end
[01:28:27] [Server thread/INFO]: Saving and pausing game...
[01:28:27] [Server thread/INFO]: Saving chunks for level 'ServerLevel[§6§lSayer's §7§lPreview]'/minecraft:overworld
[01:28:27] [Server thread/INFO]: Saving chunks for level 'ServerLevel[§6§lSayer's §7§lPreview]'/minecraft:the_nether
[01:28:27] [Server thread/INFO]: Saving chunks for level 'ServerLevel[§6§lSayer's §7§lPreview]'/minecraft:the_end
[01:28:38] [Server thread/INFO]: Saving and pausing game...
[01:28:38] [Server thread/INFO]: Saving chunks for level 'ServerLevel[§6§lSayer's §7§lPreview]'/minecraft:overworld
[01:28:38] [Server thread/INFO]: Saving chunks for level 'ServerLevel[§6§lSayer's §7§lPreview]'/minecraft:the_nether
[01:28:38] [Server thread/INFO]: Saving chunks for level 'ServerLevel[§6§lSayer's §7§lPreview]'/minecraft:the_end
[01:28:59] [Server thread/INFO]: Saving and pausing game...
[01:28:59] [Server thread/INFO]: Saving chunks for level 'ServerLevel[§6§lSayer's §7§lPreview]'/minecraft:overworld
[01:28:59] [Server thread/INFO]: Saving chunks for level 'ServerLevel[§6§lSayer's §7§lPreview]'/minecraft:the_nether
[01:28:59] [Server thread/INFO]: Saving chunks for level 'ServerLevel[§6§lSayer's §7§lPreview]'/minecraft:the_end
[01:29:32] [Server thread/INFO]: Saving and pausing game...
[01:29:32] [Server thread/INFO]: Saving chunks for level 'ServerLevel[§6§lSayer's §7§lPreview]'/minecraft:overworld
[01:29:32] [Server thread/INFO]: Saving chunks for level 'ServerLevel[§6§lSayer's §7§lPreview]'/minecraft:the_nether
[01:29:32] [Server thread/INFO]: Saving chunks for level 'ServerLevel[§6§lSayer's §7§lPreview]'/minecraft:the_end
[01:29:32] [Render thread/INFO]: [FANCYMENU] ScreenCustomizationLayer registered: inventory_screen
[01:29:32] [Render thread/INFO]: [FANCYMENU] ScreenCustomizationLayer registered: creative_mode_inventory_screen
[01:29:54] [Server thread/INFO]: Saving and pausing game...
[01:29:54] [Server thread/INFO]: Saving chunks for level 'ServerLevel[§6§lSayer's §7§lPreview]'/minecraft:overworld
[01:29:54] [Server thread/INFO]: Saving chunks for level 'ServerLevel[§6§lSayer's §7§lPreview]'/minecraft:the_nether
[01:29:54] [Server thread/INFO]: Saving chunks for level 'ServerLevel[§6§lSayer's §7§lPreview]'/minecraft:the_end
[01:30:05] [Server thread/INFO]: Saving and pausing game...
[01:30:05] [Server thread/INFO]: Saving chunks for level 'ServerLevel[§6§lSayer's §7§lPreview]'/minecraft:overworld
[01:30:05] [Server thread/INFO]: Saving chunks for level 'ServerLevel[§6§lSayer's §7§lPreview]'/minecraft:the_nether
[01:30:05] [Server thread/INFO]: Saving chunks for level 'ServerLevel[§6§lSayer's §7§lPreview]'/minecraft:the_end
[01:30:19] [Server thread/INFO]: Saving and pausing game...
[01:30:19] [Server thread/INFO]: Saving chunks for level 'ServerLevel[§6§lSayer's §7§lPreview]'/minecraft:overworld
[01:30:19] [Server thread/INFO]: Saving chunks for level 'ServerLevel[§6§lSayer's §7§lPreview]'/minecraft:the_nether
[01:30:19] [Server thread/INFO]: Saving chunks for level 'ServerLevel[§6§lSayer's §7§lPreview]'/minecraft:the_end
[01:30:21] [Server thread/INFO]: Saving and pausing game...
[01:30:21] [Server thread/INFO]: Saving chunks for level 'ServerLevel[§6§lSayer's §7§lPreview]'/minecraft:overworld
[01:30:21] [Server thread/INFO]: Saving chunks for level 'ServerLevel[§6§lSayer's §7§lPreview]'/minecraft:the_nether
[01:30:21] [Server thread/INFO]: Saving chunks for level 'ServerLevel[§6§lSayer's §7§lPreview]'/minecraft:the_end
[01:30:38] [Server thread/INFO]: Saving and pausing game...
[01:30:38] [Server thread/INFO]: Saving chunks for level 'ServerLevel[§6§lSayer's §7§lPreview]'/minecraft:overworld
[01:30:38] [Server thread/INFO]: Saving chunks for level 'ServerLevel[§6§lSayer's §7§lPreview]'/minecraft:the_nether
[01:30:38] [Server thread/INFO]: Saving chunks for level 'ServerLevel[§6§lSayer's §7§lPreview]'/minecraft:the_end
[01:31:00] [Server thread/INFO]: Saving and pausing game...
[01:31:00] [Server thread/INFO]: Saving chunks for level 'ServerLevel[§6§lSayer's §7§lPreview]'/minecraft:overworld
[01:31:00] [Server thread/INFO]: Saving chunks for level 'ServerLevel[§6§lSayer's §7§lPreview]'/minecraft:the_nether
[01:31:00] [Server thread/INFO]: Saving chunks for level 'ServerLevel[§6§lSayer's §7§lPreview]'/minecraft:the_end
[01:31:01] [Render thread/INFO]: [FANCYMENU] ScreenCustomizationLayer registered: net.caffeinemc.mods.sodium.client.gui.SodiumOptionsGUI
[01:31:01] [Render thread/INFO]: [FANCYMENU] ScreenCustomizationLayer registered: me.flashyreese.mods.reeses_sodium_options.client.gui.SodiumVideoOptionsScreen
[01:31:30] [Server thread/INFO]: Saving and pausing game...
[01:31:30] [Server thread/INFO]: Saving chunks for level 'ServerLevel[§6§lSayer's §7§lPreview]'/minecraft:overworld
[01:31:30] [Server thread/INFO]: Saving chunks for level 'ServerLevel[§6§lSayer's §7§lPreview]'/minecraft:the_nether
[01:31:30] [Server thread/INFO]: Saving chunks for level 'ServerLevel[§6§lSayer's §7§lPreview]'/minecraft:the_end
[01:31:53] [Server thread/INFO]: [@: Tiempo ajustado a 1000]
[01:31:58] [Server thread/INFO]: Saving and pausing game...
[01:31:58] [Server thread/INFO]: Saving chunks for level 'ServerLevel[§6§lSayer's §7§lPreview]'/minecraft:overworld
[01:31:58] [Server thread/INFO]: Saving chunks for level 'ServerLevel[§6§lSayer's §7§lPreview]'/minecraft:the_nether
[01:31:58] [Server thread/INFO]: Saving chunks for level 'ServerLevel[§6§lSayer's §7§lPreview]'/minecraft:the_end
[01:32:00] [Server thread/INFO]: Saving and pausing game...
[01:32:00] [Server thread/INFO]: Saving chunks for level 'ServerLevel[§6§lSayer's §7§lPreview]'/minecraft:overworld
[01:32:00] [Server thread/INFO]: Saving chunks for level 'ServerLevel[§6§lSayer's §7§lPreview]'/minecraft:the_nether
[01:32:00] [Server thread/INFO]: Saving chunks for level 'ServerLevel[§6§lSayer's §7§lPreview]'/minecraft:the_end
[01:33:14] [Render thread/INFO]: [FANCYMENU] ScreenCustomizationLayer registered: chat_screen
[01:33:16] [Server thread/INFO]: [xSayer: 7 ítem(s) eliminado(s) de xSayer]
[01:33:17] [Server thread/INFO]: Saving and pausing game...
[01:33:17] [Server thread/INFO]: Saving chunks for level 'ServerLevel[§6§lSayer's §7§lPreview]'/minecraft:overworld
[01:33:17] [Server thread/INFO]: Saving chunks for level 'ServerLevel[§6§lSayer's §7§lPreview]'/minecraft:the_nether
[01:33:17] [Server thread/INFO]: Saving chunks for level 'ServerLevel[§6§lSayer's §7§lPreview]'/minecraft:the_end
[01:33:33] [Server thread/INFO]: [xSayer: Modo de juego cambiado a Supervivencia]
[01:33:40] [Server thread/INFO]: [xSayer: xSayer recibió 32 de [Manzana de oro]]
[01:33:42] [Render thread/INFO]: Loaded 28 advancements
[01:34:01] [Server thread/INFO]: xSayer ha conseguido el progreso [Cazamonstruos]
[01:34:01] [Render thread/INFO]: [CHAT] xSayer ha conseguido el progreso [Cazamonstruos]
[01:34:01] [Render thread/INFO]: Loaded 67 advancements
[01:34:08] [Server thread/INFO]: Saving and pausing game...
[01:34:08] [Server thread/INFO]: Saving chunks for level 'ServerLevel[§6§lSayer's §7§lPreview]'/minecraft:overworld
[01:34:08] [Server thread/INFO]: Saving chunks for level 'ServerLevel[§6§lSayer's §7§lPreview]'/minecraft:the_nether
[01:34:08] [Server thread/INFO]: Saving chunks for level 'ServerLevel[§6§lSayer's §7§lPreview]'/minecraft:the_end
[01:34:14] [Server thread/INFO]: Saving and pausing game...
[01:34:14] [Server thread/INFO]: Saving chunks for level 'ServerLevel[§6§lSayer's §7§lPreview]'/minecraft:overworld
[01:34:14] [Server thread/INFO]: Saving chunks for level 'ServerLevel[§6§lSayer's §7§lPreview]'/minecraft:the_nether
[01:34:14] [Server thread/INFO]: Saving chunks for level 'ServerLevel[§6§lSayer's §7§lPreview]'/minecraft:the_end
[01:34:15] [Render thread/WARN]: Warning! Mod no-resource-pack-warnings has a broken icon, loading default icon
[01:34:15] [Render thread/WARN]: Warning! Mod perspektive has a broken icon, loading default icon
[01:34:17] [Render thread/INFO]: [FANCYMENU] ScreenCustomizationLayer registered: dev.tr7zw.notenoughanimations.config.ConfigScreenProvider$1
[01:34:49] [Server thread/INFO]: [xSayer: xSayer recibió 1 de [Arco]]
[01:34:49] [Render thread/INFO]: Loaded 68 advancements
[01:34:55] [Server thread/INFO]: [xSayer: xSayer recibió 650 de [Flecha]]
[01:34:55] [Render thread/INFO]: Loaded 69 advancements
[01:34:58] [Server thread/INFO]: xSayer ha conseguido el progreso [En el punto de mira]
[01:34:58] [Render thread/INFO]: [CHAT] xSayer ha conseguido el progreso [En el punto de mira]
[01:34:58] [Render thread/INFO]: Loaded 69 advancements
[01:35:08] [Server thread/INFO]: Saving and pausing game...
[01:35:08] [Server thread/INFO]: Saving chunks for level 'ServerLevel[§6§lSayer's §7§lPreview]'/minecraft:overworld
[01:35:08] [Server thread/INFO]: Saving chunks for level 'ServerLevel[§6§lSayer's §7§lPreview]'/minecraft:the_nether
[01:35:08] [Server thread/INFO]: Saving chunks for level 'ServerLevel[§6§lSayer's §7§lPreview]'/minecraft:the_end
[01:35:11] [Server thread/INFO]: Saving and pausing game...
[01:35:11] [Server thread/INFO]: Saving chunks for level 'ServerLevel[§6§lSayer's §7§lPreview]'/minecraft:overworld
[01:35:11] [Server thread/INFO]: Saving chunks for level 'ServerLevel[§6§lSayer's §7§lPreview]'/minecraft:the_nether
[01:35:11] [Server thread/INFO]: Saving chunks for level 'ServerLevel[§6§lSayer's §7§lPreview]'/minecraft:the_end
[01:35:20] [Render thread/INFO]: Loaded 69 advancements
[01:35:32] [Server thread/INFO]: Saving and pausing game...
[01:35:32] [Server thread/INFO]: Saving chunks for level 'ServerLevel[§6§lSayer's §7§lPreview]'/minecraft:overworld
[01:35:32] [Server thread/INFO]: Saving chunks for level 'ServerLevel[§6§lSayer's §7§lPreview]'/minecraft:the_nether
[01:35:32] [Server thread/INFO]: Saving chunks for level 'ServerLevel[§6§lSayer's §7§lPreview]'/minecraft:the_end
[01:35:45] [Render thread/INFO]: Destroying pipeline minecraft:overworld
[01:35:45] [Render thread/INFO]: Shaders are disabled because enableShaders is set to false in iris.properties
[01:35:45] [Render thread/INFO]: Creating pipeline for dimension minecraft:overworld
[01:35:45] [Render thread/INFO]: Stopping worker threads
[01:35:45] [Render thread/INFO]: Started 6 worker threads
[01:35:45] [Render thread/INFO]: [CHAT] Shaders disabled!
[01:35:45] [Render thread/INFO]: Destroying pipeline minecraft:overworld
[01:35:45] [Render thread/INFO]: Profile: LOW (+0 options changed by user)
[01:35:45] [Render thread/INFO]: Using shaderpack: miniature-shader-2.14.5.zip
[01:35:45] [Render thread/INFO]: Creating pipeline for dimension minecraft:overworld
[01:35:46] [Render thread/INFO]: Stopping worker threads
[01:35:46] [Render thread/INFO]: Started 6 worker threads
[01:35:46] [Render thread/INFO]: [CHAT] Toggled shaders to miniature-shader-2.14.5.zip!
[01:35:46] [Render thread/INFO]: Stopping worker threads
[01:35:46] [Render thread/INFO]: Started 6 worker threads
[01:35:54] [Server thread/INFO]: [xSayer: Modo de juego cambiado a Creativo]
[01:35:59] [Server thread/INFO]: Saving and pausing game...
[01:35:59] [Server thread/INFO]: Saving chunks for level 'ServerLevel[§6§lSayer's §7§lPreview]'/minecraft:overworld
[01:35:59] [Server thread/INFO]: Saving chunks for level 'ServerLevel[§6§lSayer's §7§lPreview]'/minecraft:the_nether
[01:35:59] [Server thread/INFO]: Saving chunks for level 'ServerLevel[§6§lSayer's §7§lPreview]'/minecraft:the_end
[01:36:08] [Server thread/INFO]: Saving and pausing game...
[01:36:08] [Server thread/INFO]: Saving chunks for level 'ServerLevel[§6§lSayer's §7§lPreview]'/minecraft:overworld
[01:36:08] [Server thread/INFO]: Saving chunks for level 'ServerLevel[§6§lSayer's §7§lPreview]'/minecraft:the_nether
[01:36:08] [Server thread/INFO]: Saving chunks for level 'ServerLevel[§6§lSayer's §7§lPreview]'/minecraft:the_end
[01:36:22] [Render thread/INFO]: Loaded 72 advancements
[01:36:48] [Server thread/INFO]: Saving and pausing game...
[01:36:48] [Server thread/INFO]: Saving chunks for level 'ServerLevel[§6§lSayer's §7§lPreview]'/minecraft:overworld
[01:36:48] [Server thread/INFO]: Saving chunks for level 'ServerLevel[§6§lSayer's §7§lPreview]'/minecraft:the_nether
[01:36:48] [Server thread/INFO]: Saving chunks for level 'ServerLevel[§6§lSayer's §7§lPreview]'/minecraft:the_end
[01:37:00] [Server thread/INFO]: Saving and pausing game...
[01:37:00] [Server thread/INFO]: Saving chunks for level 'ServerLevel[§6§lSayer's §7§lPreview]'/minecraft:overworld
[01:37:00] [Server thread/INFO]: Saving chunks for level 'ServerLevel[§6§lSayer's §7§lPreview]'/minecraft:the_nether
[01:37:00] [Server thread/INFO]: Saving chunks for level 'ServerLevel[§6§lSayer's §7§lPreview]'/minecraft:the_end
[01:37:00] [Server thread/INFO]: Saving and pausing game...
[01:37:00] [Server thread/INFO]: Saving chunks for level 'ServerLevel[§6§lSayer's §7§lPreview]'/minecraft:overworld
[01:37:00] [Server thread/INFO]: Saving chunks for level 'ServerLevel[§6§lSayer's §7§lPreview]'/minecraft:the_nether
[01:37:00] [Server thread/INFO]: Saving chunks for level 'ServerLevel[§6§lSayer's §7§lPreview]'/minecraft:the_end
[01:37:26] [Server thread/INFO]: [xSayer: xSayer recibió 1 de [Arco]]
[01:37:46] [Server thread/INFO]: Saving and pausing game...
[01:37:46] [Server thread/INFO]: Saving chunks for level 'ServerLevel[§6§lSayer's §7§lPreview]'/minecraft:overworld
[01:37:46] [Server thread/INFO]: Saving chunks for level 'ServerLevel[§6§lSayer's §7§lPreview]'/minecraft:the_nether
[01:37:46] [Server thread/INFO]: Saving chunks for level 'ServerLevel[§6§lSayer's §7§lPreview]'/minecraft:the_end
[01:37:47] [Server thread/INFO]: xSayer lost connection: Desconectado/a
[01:37:47] [Server thread/INFO]: xSayer se desconectó
[01:37:47] [Server thread/INFO]: Stopping singleplayer server as player logged out
[01:37:47] [Server thread/INFO]: Stopping server
[01:37:47] [Server thread/INFO]: Saving players
[01:37:47] [Server thread/INFO]: Saving worlds
[01:37:47] [Server thread/INFO]: Saving chunks for level 'ServerLevel[§6§lSayer's §7§lPreview]'/minecraft:overworld
[01:37:48] [Server thread/INFO]: Saving chunks for level 'ServerLevel[§6§lSayer's §7§lPreview]'/minecraft:the_nether
[01:37:48] [Server thread/INFO]: Saving chunks for level 'ServerLevel[§6§lSayer's §7§lPreview]'/minecraft:the_end
[01:37:48] [Server thread/INFO]: ThreadedAnvilChunkStorage (Sayers Preview): All chunks are saved
[01:37:48] [Server thread/INFO]: ThreadedAnvilChunkStorage (DIM-1): All chunks are saved
[01:37:48] [Server thread/INFO]: ThreadedAnvilChunkStorage (DIM1): All chunks are saved
[01:37:48] [Server thread/INFO]: ThreadedAnvilChunkStorage: All dimensions are saved
[01:37:48] [Render thread/INFO]: Stopping worker threads
[01:37:48] [Render thread/INFO]: [ETF]: emissive suffixes loaded: {_e}.
[01:37:49] [Render thread/ERROR]: Invalid icon for world Sayers Preview
java.lang.IllegalArgumentException: Icon must be 64x64, but was 500x500
	at knot/net.minecraft.class_8573.method_52199(class_8573.java:41) ~[client-intermediary.jar:?]
	at knot/net.minecraft.class_528$class_4272.method_52205(class_528.java:547) ~[client-intermediary.jar:?]
	at knot/net.minecraft.class_528$class_4272.<init>(class_528.java:284) ~[client-intermediary.jar:?]
	at knot/net.minecraft.class_528.method_43454(class_528.java:199) ~[client-intermediary.jar:?]
	at knot/net.minecraft.class_528.method_44678(class_528.java:160) ~[client-intermediary.jar:?]
	at knot/net.minecraft.class_528.method_48579(class_528.java:151) ~[client-intermediary.jar:?]
	at knot/net.minecraft.class_339.method_25394(class_339.java:66) ~[client-intermediary.jar:?]
	at knot/net.minecraft.class_437.method_25394(class_437.java:127) ~[client-intermediary.jar:?]
	at knot/net.minecraft.class_526.method_25394(class_526.java:96) ~[client-intermediary.jar:?]
	at knot/net.minecraft.class_437.method_47413(class_437.java:116) ~[client-intermediary.jar:?]
	at knot/net.minecraft.class_757.mixinextras$bridge$method_47413$89(class_757.java) ~[client-intermediary.jar:?]
	at knot/net.minecraft.class_757.wrapOperation$blg000$fabric-screen-api-v1$onRenderScreen(class_757.java:2414) ~[client-intermediary.jar:?]
	at knot/net.minecraft.class_757.mixinextras$bridge$wrapOperation$blg000$fabric-screen-api-v1$onRenderScreen$90(class_757.java) ~[client-intermediary.jar:?]
	at knot/net.minecraft.class_757.wrapOperation$bpa000$fancymenu$wrapRenderScreenFancyMenu(class_757.java:3400) ~[client-intermediary.jar:?]
	at knot/net.minecraft.class_757.mixinextras$bridge$wrapOperation$bpa000$fancymenu$wrapRenderScreenFancyMenu$92(class_757.java) ~[client-intermediary.jar:?]
	at knot/net.minecraft.class_757.wrapOperation$cin000$konkrete$wrapRenderScreen_Konkrete(class_757.java:6896) [client-intermediary.jar:?]
	at knot/net.minecraft.class_757.method_3192(class_757.java:551) [client-intermediary.jar:?]
	at knot/net.minecraft.class_310.method_1523(class_310.java:1341) [client-intermediary.jar:?]
	at knot/net.minecraft.class_310.method_1514(class_310.java:922) [client-intermediary.jar:?]
	at knot/net.minecraft.client.main.Main.main(Main.java:267) [client-intermediary.jar:?]
	at net.fabricmc.loader.impl.game.minecraft.MinecraftGameProvider.launch(MinecraftGameProvider.java:480) [fabric-loader-0.16.13.jar:?]
	at net.fabricmc.loader.impl.launch.knot.Knot.launch(Knot.java:74) [fabric-loader-0.16.13.jar:?]
	at net.fabricmc.loader.impl.launch.knot.KnotClient.main(KnotClient.java:23) [fabric-loader-0.16.13.jar:?]
[01:37:50] [Render thread/ERROR]: Can't ping Chorilandia.aternos.me: Internal Exception: java.net.SocketException: Connection reset
[01:37:52] [Render thread/INFO]: Connecting to blotcraft.com, 25565
[01:37:53] [Render thread/INFO]: Reloading pipeline on dimension change: minecraft:overworld => minecraft:overworld
[01:37:53] [Render thread/INFO]: Destroying pipeline minecraft:overworld
[01:37:53] [Render thread/INFO]: Creating pipeline for dimension minecraft:overworld
[01:37:53] [Render thread/INFO]: Started 6 worker threads
[01:37:53] [Render thread/WARN]: Ignoring player info update for unknown player 1c48103d-9bc2-46be-af21-964b42c22396 ([UPDATE_DISPLAY_NAME])
[01:37:53] [Render thread/WARN]: Ignoring player info update for unknown player 6dde289a-e7bf-4f03-b1a7-a859023fa8ff ([UPDATE_DISPLAY_NAME])
[01:37:53] [Render thread/WARN]: Ignoring player info update for unknown player ae329295-8bfa-4d81-99c9-5684782009d2 ([UPDATE_DISPLAY_NAME])
[01:37:53] [Render thread/WARN]: Ignoring player info update for unknown player bd32fb5a-0aa8-410b-9237-2a1f3a001695 ([UPDATE_DISPLAY_NAME])
[01:37:53] [Render thread/WARN]: Ignoring player info update for unknown player 1c48103d-9bc2-46be-af21-964b42c22396 ([UPDATE_DISPLAY_NAME])
[01:37:53] [Render thread/INFO]: Loaded 12 advancements
[01:37:53] [Render thread/INFO]: Stopping worker threads
[01:37:53] [Render thread/INFO]: Started 6 worker threads
[01:37:53] [Render thread/INFO]: [CHAT] 
[01:37:53] [Render thread/INFO]: [CHAT] BlotCraft Network
[01:37:53] [Render thread/INFO]: [CHAT] 
[01:37:53] [Render thread/INFO]: [CHAT] Website: https://blotcraft.com
[01:37:53] [Render thread/INFO]: [CHAT] Discord: https://discord.blotcraft.com
[01:37:53] [Render thread/INFO]: [CHAT] Instagram: @blot_craft
[01:37:53] [Render thread/INFO]: [CHAT] Facebook: blot_craft
[01:37:53] [Render thread/INFO]: [CHAT] 
[01:37:54] [Render thread/WARN]: Time from main menu to in-game was 1.9707377 seconds
[01:37:54] [Render thread/WARN]: Total time to load game and open world was 25.293737 seconds
[01:37:58] [Render thread/INFO]: [FANCYMENU] ScreenCustomizationLayer registered: net.minecraft.class_8671
[01:37:58] [Render thread/INFO]: Stopping worker threads
[01:37:58] [Render thread/INFO]: Reloading pipeline on dimension change: minecraft:overworld => minecraft:overworld
[01:37:58] [Render thread/INFO]: Destroying pipeline minecraft:overworld
[01:37:58] [Render thread/INFO]: Creating pipeline for dimension minecraft:overworld
[01:37:58] [Render thread/INFO]: Started 6 worker threads
[01:37:58] [Render thread/WARN]: Ignoring player info update for unknown player 1c48103d-9bc2-46be-af21-964b42c22396 ([UPDATE_DISPLAY_NAME])
[01:37:58] [Render thread/WARN]: Ignoring player info update for unknown player 8ac8398f-75ad-366e-8f26-00c7f8b914dd ([UPDATE_DISPLAY_NAME])
[01:37:58] [Render thread/WARN]: Ignoring player info update for unknown player a7ad066b-3408-3d72-a57f-9004636639a9 ([UPDATE_DISPLAY_NAME])
[01:37:58] [Render thread/WARN]: Ignoring player info update for unknown player b039ebd8-ab87-3b94-b750-11c45871dc06 ([UPDATE_DISPLAY_NAME])
[01:37:58] [Render thread/WARN]: Ignoring player info update for unknown player 5cb5aa9b-9d51-495d-8da8-09507eb4195c ([UPDATE_DISPLAY_NAME])
[01:37:58] [Render thread/WARN]: Ignoring player info update for unknown player d735e1ec-64eb-46fd-84fa-242c324e1b17 ([UPDATE_DISPLAY_NAME])
[01:37:58] [Render thread/WARN]: Ignoring player info update for unknown player d015eaae-83c1-387d-8e27-c1889ec29a2d ([UPDATE_DISPLAY_NAME])
[01:37:58] [Render thread/WARN]: Ignoring player info update for unknown player 1f12df20-b9e9-306e-a1a5-68a3278ba070 ([UPDATE_DISPLAY_NAME])
[01:37:58] [Render thread/WARN]: Ignoring player info update for unknown player 93b50a01-07e0-3292-92b8-48faa1e3ae36 ([UPDATE_DISPLAY_NAME])
[01:37:58] [Render thread/WARN]: Ignoring player info update for unknown player 79f890eb-4383-470b-b63d-03a9726ecb38 ([UPDATE_DISPLAY_NAME])
[01:37:58] [Render thread/WARN]: Ignoring player info update for unknown player 90a5f3de-ab45-42e1-92a3-4c6d770fc142 ([UPDATE_DISPLAY_NAME])
[01:37:58] [Render thread/WARN]: Ignoring player info update for unknown player cff5652f-d10d-4a0e-8bfe-c1ebf953cac0 ([UPDATE_DISPLAY_NAME])
[01:37:58] [Render thread/WARN]: Ignoring player info update for unknown player ae329295-8bfa-4d81-99c9-5684782009d2 ([UPDATE_DISPLAY_NAME])
[01:37:58] [Render thread/WARN]: Ignoring player info update for unknown player ca26dc7a-8443-3739-8f75-838f2c84e120 ([UPDATE_DISPLAY_NAME])
[01:37:58] [Render thread/WARN]: Ignoring player info update for unknown player 13478165-e3a3-4b78-9fc1-36ad70c2c62d ([UPDATE_DISPLAY_NAME])
[01:37:58] [Render thread/WARN]: Ignoring player info update for unknown player 4b3cb13c-3460-3c12-9d4b-02f1eaf23fb8 ([UPDATE_DISPLAY_NAME])
[01:37:58] [Render thread/WARN]: Ignoring player info update for unknown player 6d079abd-ffd0-41bf-bca5-b5603d85a913 ([UPDATE_DISPLAY_NAME])
[01:37:58] [Render thread/WARN]: Ignoring player info update for unknown player 478b8284-6950-48dd-bf21-93da905ff6b5 ([UPDATE_DISPLAY_NAME])
[01:37:58] [Render thread/WARN]: Ignoring player info update for unknown player 1af8cf3c-86eb-3511-a9c6-2d07bc0a1b61 ([UPDATE_DISPLAY_NAME])
[01:37:58] [Render thread/WARN]: Ignoring player info update for unknown player afe54af8-070f-338a-b63c-b821f3da6cc3 ([UPDATE_DISPLAY_NAME])
[01:37:58] [Render thread/WARN]: Ignoring player info update for unknown player 15bf1c85-cc3a-39b8-821e-22216ffc08c4 ([UPDATE_DISPLAY_NAME])
[01:37:58] [Render thread/WARN]: Ignoring player info update for unknown player 60100dc6-4342-449d-a57a-da0c12bcf402 ([UPDATE_DISPLAY_NAME])
[01:37:58] [Render thread/WARN]: Ignoring player info update for unknown player e4d0c1cb-0208-3a90-a026-750bb1087e62 ([UPDATE_DISPLAY_NAME])
[01:37:58] [Render thread/WARN]: Ignoring player info update for unknown player 253c63ac-24f2-3ca0-9425-27b10aff5362 ([UPDATE_DISPLAY_NAME])
[01:37:58] [Render thread/WARN]: Ignoring player info update for unknown player 3fb6e911-37a2-4499-b759-15b48f6295f3 ([UPDATE_DISPLAY_NAME])
[01:37:58] [Render thread/INFO]: Stopping worker threads
[01:37:58] [Render thread/INFO]: Started 6 worker threads
[01:37:58] [Render thread/WARN]: Ignoring player info update for unknown player 97296acd-1279-3130-ba8f-7275f0c2b17b ([UPDATE_DISPLAY_NAME])
[01:37:58] [Render thread/WARN]: Ignoring player info update for unknown player 4b152c59-d0c7-3bc5-9e4f-5dbd4b062b54 ([UPDATE_DISPLAY_NAME])
[01:37:58] [Render thread/WARN]: Ignoring player info update for unknown player f64c8f37-69f2-35fb-acb1-17c8ec5df4a7 ([UPDATE_DISPLAY_NAME])
[01:37:58] [Render thread/WARN]: Ignoring player info update for unknown player 0c75dc50-fd7d-4dd7-9239-c5b7a4ab7459 ([UPDATE_DISPLAY_NAME])
[01:37:58] [Render thread/WARN]: Ignoring player info update for unknown player 15ac0439-ef7e-40ea-b043-e4f03b390976 ([UPDATE_DISPLAY_NAME])
[01:37:58] [Render thread/INFO]: Loaded 65 advancements
[01:38:03] [Render thread/INFO]: [CHAT] (Duels) You joined the queue!
[01:38:03] [Render thread/INFO]: [CHAT] (Duels) Duel at Japan against Jexxor_dmcdc (W: 19 | L: 118)
[01:38:03] [Render thread/INFO]: Reloading pipeline on dimension change: minecraft:overworld => minecraft:arena
[01:38:03] [Render thread/INFO]: Destroying pipeline minecraft:overworld
[01:38:03] [Render thread/INFO]: Creating pipeline for dimension minecraft:arena
[01:38:03] [Render thread/INFO]: Stopping worker threads
[01:38:03] [Render thread/INFO]: Started 6 worker threads
[01:38:03] [Render thread/INFO]: Stopping worker threads
[01:38:03] [Render thread/INFO]: Started 6 worker threads
[01:38:03] [Render thread/INFO]: Stopping worker threads
[01:38:03] [Render thread/INFO]: Started 6 worker threads
[01:38:08] [Render thread/INFO]: [CHAT] coldilfied se desconectó
[01:38:17] [Render thread/INFO]: [CHAT] adssdaasdad: ese pavo
[01:38:21] [Render thread/INFO]: [CHAT] adssdaasdad: lo follo se sale
[01:38:24] [Render thread/INFO]: [CHAT] ApokaLeii se desconectó
[01:38:47] [Render thread/INFO]: [CHAT] adssdaasdad se desconectó
[01:38:52] [Render thread/WARN]: Ignoring player info update for unknown player 13478165-e3a3-4b78-9fc1-36ad70c2c62d ([UPDATE_DISPLAY_NAME])
[01:38:52] [Render thread/INFO]: [CHAT] adssdaasdad se conectó
[01:38:54] [Render thread/WARN]: Ignoring player info update for unknown player 6dde289a-e7bf-4f03-b1a7-a859023fa8ff ([UPDATE_DISPLAY_NAME])
[01:38:54] [Render thread/INFO]: [CHAT] uKxwrxxx se conectó
[01:39:01] [Render thread/INFO]: [CHAT] Kelaani_ se conectó
[01:39:01] [Render thread/WARN]: Ignoring player info update for unknown player 9e57d365-fa5c-3022-8725-28cab7b1bd5a ([UPDATE_DISPLAY_NAME])
[01:39:26] [Render thread/INFO]: [CHAT] zartax_kai se desconectó
[01:39:39] [Render thread/INFO]: [CHAT] zzacky02 se desconectó
[01:39:52] [Render thread/INFO]: [CHAT] i7a9_: gg
[01:39:56] [Render thread/INFO]: [CHAT] 
[01:39:56] [Render thread/INFO]: [CHAT] Duel result on the Japan arena:
[01:39:56] [Render thread/INFO]: [CHAT] Winner: xSayer [1] (0.94 ❤)
[01:39:56] [Render thread/INFO]: [CHAT] Loser: Jexxor_dmcdc [0]
[01:39:56] [Render thread/INFO]: [CHAT] 
[01:39:57] [Render thread/INFO]: Reloading pipeline on dimension change: minecraft:arena => minecraft:overworld
[01:39:57] [Render thread/INFO]: Destroying pipeline minecraft:arena
[01:39:57] [Render thread/INFO]: Creating pipeline for dimension minecraft:overworld
[01:39:57] [Render thread/INFO]: Stopping worker threads
[01:39:57] [Render thread/INFO]: Started 6 worker threads
[01:39:57] [Render thread/INFO]: Stopping worker threads
[01:39:57] [Render thread/INFO]: Started 6 worker threads
[01:39:57] [Render thread/INFO]: Stopping worker threads
[01:39:57] [Render thread/INFO]: Started 6 worker threads
[01:39:58] [Render thread/INFO]: [CHAT] i7a9_: alm juegas bien
[01:40:03] [Render thread/INFO]: [CHAT] lucy_77proplay: pero si tenia 70 de casco :V
[01:40:04] [Render thread/INFO]: [CHAT] Jexxor_dmcdc: gg
[01:40:07] [Render thread/INFO]: [CHAT] xSayer: gg
[01:40:09] [Render thread/INFO]: [CHAT] TheRealTop se desconectó
[01:40:09] [Render thread/INFO]: [CHAT] gameplay24 se desconectó
[01:40:09] [Render thread/INFO]: [CHAT] isa__z se desconectó
[01:40:09] [Render thread/INFO]: [CHAT] sadsillycat se desconectó
[01:40:09] [Render thread/INFO]: [CHAT] OMGsempai se desconectó
[01:40:09] [Render thread/INFO]: [CHAT] Mrkingzzz se desconectó
[01:40:09] [Render thread/INFO]: [CHAT] qSxmuu_ se desconectó
[01:40:09] [Render thread/INFO]: [CHAT] LAGangg se desconectó
[01:40:09] [Render thread/INFO]: [CHAT] MackFied se desconectó
[01:40:09] [Render thread/INFO]: [CHAT] zzL4loo se desconectó
[01:40:09] [Render thread/INFO]: [CHAT] vvmoon_ se desconectó
[01:40:09] [Render thread/INFO]: [CHAT] iCarisma se desconectó
[01:40:09] [Render thread/INFO]: [CHAT] Alexys_z se desconectó
[01:40:09] [Render thread/INFO]: [CHAT] adssdaasdad se desconectó
[01:40:09] [Render thread/INFO]: [CHAT] zduke_ se desconectó
[01:40:09] [Render thread/INFO]: [CHAT] uKxwrxxx se desconectó
[01:40:09] [Render thread/INFO]: [CHAT] gbrlDB_M00 se desconectó
[01:40:09] [Render thread/INFO]: [CHAT] Denegado__ se desconectó
[01:40:09] [Render thread/INFO]: [CHAT] tumamaes se desconectó
[01:40:09] [Render thread/INFO]: [CHAT] i7a9_ se desconectó
[01:40:09] [Render thread/INFO]: [CHAT] lucy_77proplay se desconectó
[01:40:10] [Render thread/INFO]: [CHAT] Tykonol se desconectó
[01:40:10] [Render thread/INFO]: [CHAT] Kelaani_ se desconectó
[01:40:10] [Render thread/INFO]: [CHAT] Jexxor_dmcdc se desconectó
[01:40:10] [Render thread/INFO]: Stopping worker threads
[01:40:10] [Render thread/INFO]: Reloading pipeline on dimension change: minecraft:overworld => minecraft:overworld
[01:40:10] [Render thread/INFO]: Destroying pipeline minecraft:overworld
[01:40:10] [Render thread/INFO]: Creating pipeline for dimension minecraft:overworld
[01:40:10] [Render thread/INFO]: Started 6 worker threads
[01:40:10] [Render thread/INFO]: [CHAT] Has sido echado de duels: El servidor reabrirá pronto!
[01:40:10] [Render thread/INFO]: Loaded 12 advancements
[01:40:10] [Render thread/INFO]: Stopping worker threads
[01:40:10] [Render thread/INFO]: Started 6 worker threads
[01:40:11] [Render thread/INFO]: [CHAT] 
[01:40:11] [Render thread/INFO]: [CHAT] BlotCraft Network
[01:40:11] [Render thread/INFO]: [CHAT] 
[01:40:11] [Render thread/INFO]: [CHAT] Website: https://blotcraft.com
[01:40:11] [Render thread/INFO]: [CHAT] Discord: https://discord.blotcraft.com
[01:40:11] [Render thread/INFO]: [CHAT] Instagram: @blot_craft
[01:40:11] [Render thread/INFO]: [CHAT] Facebook: blot_craft
[01:40:11] [Render thread/INFO]: [CHAT] 
[01:40:11] [Render thread/WARN]: Ignoring player info update for unknown player 1af8cf3c-86eb-3511-a9c6-2d07bc0a1b61 ([UPDATE_DISPLAY_NAME])
[01:40:11] [Render thread/WARN]: Ignoring player info update for unknown player 93b50a01-07e0-3292-92b8-48faa1e3ae36 ([UPDATE_DISPLAY_NAME])
[01:40:12] [Render thread/INFO]: [CHAT] Kelaani_: a
[01:40:13] [Render thread/INFO]: [CHAT] zduke_: a
[01:40:13] [Render thread/INFO]: [CHAT] Alexys_z: a
[01:40:14] [Render thread/INFO]: [CHAT] Denegado__: waht
[01:40:18] [Render thread/INFO]: Stopping worker threads
[01:40:19] [Render thread/ERROR]: Can't ping Chorilandia.aternos.me: Internal Exception: java.net.SocketException: Connection reset
[01:40:20] [Render thread/ERROR]: Invalid icon for world Sayers Preview
java.lang.IllegalArgumentException: Icon must be 64x64, but was 500x500
	at knot/net.minecraft.class_8573.method_52199(class_8573.java:41) ~[client-intermediary.jar:?]
	at knot/net.minecraft.class_528$class_4272.method_52205(class_528.java:547) ~[client-intermediary.jar:?]
	at knot/net.minecraft.class_528$class_4272.<init>(class_528.java:284) ~[client-intermediary.jar:?]
	at knot/net.minecraft.class_528.method_43454(class_528.java:199) ~[client-intermediary.jar:?]
	at knot/net.minecraft.class_528.method_44678(class_528.java:160) ~[client-intermediary.jar:?]
	at knot/net.minecraft.class_528.method_48579(class_528.java:151) ~[client-intermediary.jar:?]
	at knot/net.minecraft.class_339.method_25394(class_339.java:66) ~[client-intermediary.jar:?]
	at knot/net.minecraft.class_437.method_25394(class_437.java:127) ~[client-intermediary.jar:?]
	at knot/net.minecraft.class_526.method_25394(class_526.java:96) ~[client-intermediary.jar:?]
	at knot/net.minecraft.class_437.method_47413(class_437.java:116) ~[client-intermediary.jar:?]
	at knot/net.minecraft.class_757.mixinextras$bridge$method_47413$89(class_757.java) ~[client-intermediary.jar:?]
	at knot/net.minecraft.class_757.wrapOperation$blg000$fabric-screen-api-v1$onRenderScreen(class_757.java:2414) ~[client-intermediary.jar:?]
	at knot/net.minecraft.class_757.mixinextras$bridge$wrapOperation$blg000$fabric-screen-api-v1$onRenderScreen$90(class_757.java) ~[client-intermediary.jar:?]
	at knot/net.minecraft.class_757.wrapOperation$bpa000$fancymenu$wrapRenderScreenFancyMenu(class_757.java:3400) ~[client-intermediary.jar:?]
	at knot/net.minecraft.class_757.mixinextras$bridge$wrapOperation$bpa000$fancymenu$wrapRenderScreenFancyMenu$92(class_757.java) ~[client-intermediary.jar:?]
	at knot/net.minecraft.class_757.wrapOperation$cin000$konkrete$wrapRenderScreen_Konkrete(class_757.java:6896) [client-intermediary.jar:?]
	at knot/net.minecraft.class_757.method_3192(class_757.java:551) [client-intermediary.jar:?]
	at knot/net.minecraft.class_310.method_1523(class_310.java:1341) [client-intermediary.jar:?]
	at knot/net.minecraft.class_310.method_1514(class_310.java:922) [client-intermediary.jar:?]
	at knot/net.minecraft.client.main.Main.main(Main.java:267) [client-intermediary.jar:?]
	at net.fabricmc.loader.impl.game.minecraft.MinecraftGameProvider.launch(MinecraftGameProvider.java:480) [fabric-loader-0.16.13.jar:?]
	at net.fabricmc.loader.impl.launch.knot.Knot.launch(Knot.java:74) [fabric-loader-0.16.13.jar:?]
	at net.fabricmc.loader.impl.launch.knot.KnotClient.main(KnotClient.java:23) [fabric-loader-0.16.13.jar:?]
[01:40:21] [Render thread/ERROR]: Invalid icon for world Sayers Preview
java.lang.IllegalArgumentException: Icon must be 64x64, but was 500x500
	at knot/net.minecraft.class_8573.method_52199(class_8573.java:41) ~[client-intermediary.jar:?]
	at knot/net.minecraft.class_528$class_4272.method_52205(class_528.java:547) ~[client-intermediary.jar:?]
	at knot/net.minecraft.class_528$class_4272.<init>(class_528.java:284) ~[client-intermediary.jar:?]
	at knot/net.minecraft.class_528.method_43454(class_528.java:199) ~[client-intermediary.jar:?]
	at knot/net.minecraft.class_528.method_44678(class_528.java:160) ~[client-intermediary.jar:?]
	at knot/net.minecraft.class_528.method_48579(class_528.java:151) ~[client-intermediary.jar:?]
	at knot/net.minecraft.class_339.method_25394(class_339.java:66) ~[client-intermediary.jar:?]
	at knot/net.minecraft.class_437.method_25394(class_437.java:127) ~[client-intermediary.jar:?]
	at knot/net.minecraft.class_526.method_25394(class_526.java:96) ~[client-intermediary.jar:?]
	at knot/net.minecraft.class_437.method_47413(class_437.java:116) ~[client-intermediary.jar:?]
	at knot/net.minecraft.class_757.mixinextras$bridge$method_47413$89(class_757.java) ~[client-intermediary.jar:?]
	at knot/net.minecraft.class_757.wrapOperation$blg000$fabric-screen-api-v1$onRenderScreen(class_757.java:2414) ~[client-intermediary.jar:?]
	at knot/net.minecraft.class_757.mixinextras$bridge$wrapOperation$blg000$fabric-screen-api-v1$onRenderScreen$90(class_757.java) ~[client-intermediary.jar:?]
	at knot/net.minecraft.class_757.wrapOperation$bpa000$fancymenu$wrapRenderScreenFancyMenu(class_757.java:3400) ~[client-intermediary.jar:?]
	at knot/net.minecraft.class_757.mixinextras$bridge$wrapOperation$bpa000$fancymenu$wrapRenderScreenFancyMenu$92(class_757.java) ~[client-intermediary.jar:?]
	at knot/net.minecraft.class_757.wrapOperation$cin000$konkrete$wrapRenderScreen_Konkrete(class_757.java:6896) [client-intermediary.jar:?]
	at knot/net.minecraft.class_757.method_3192(class_757.java:551) [client-intermediary.jar:?]
	at knot/net.minecraft.class_310.method_1523(class_310.java:1341) [client-intermediary.jar:?]
	at knot/net.minecraft.class_310.method_1514(class_310.java:922) [client-intermediary.jar:?]
	at knot/net.minecraft.client.main.Main.main(Main.java:267) [client-intermediary.jar:?]
	at net.fabricmc.loader.impl.game.minecraft.MinecraftGameProvider.launch(MinecraftGameProvider.java:480) [fabric-loader-0.16.13.jar:?]
	at net.fabricmc.loader.impl.launch.knot.Knot.launch(Knot.java:74) [fabric-loader-0.16.13.jar:?]
	at net.fabricmc.loader.impl.launch.knot.KnotClient.main(KnotClient.java:23) [fabric-loader-0.16.13.jar:?]
[01:40:25] [Render thread/INFO]: [FANCYMENU] ScreenCustomizationLayer registered: controls_screen
[01:40:26] [Render thread/INFO]: [FANCYMENU] ScreenCustomizationLayer registered: chat_options_screen
[01:40:27] [Render thread/INFO]: [FANCYMENU] ScreenCustomizationLayer registered: net.minecraft.class_6599
[01:40:49] [Render thread/ERROR]: Invalid icon for world Sayers Preview
java.lang.IllegalArgumentException: Icon must be 64x64, but was 500x500
	at knot/net.minecraft.class_8573.method_52199(class_8573.java:41) ~[client-intermediary.jar:?]
	at knot/net.minecraft.class_528$class_4272.method_52205(class_528.java:547) ~[client-intermediary.jar:?]
	at knot/net.minecraft.class_528$class_4272.<init>(class_528.java:284) ~[client-intermediary.jar:?]
	at knot/net.minecraft.class_528.method_43454(class_528.java:199) ~[client-intermediary.jar:?]
	at knot/net.minecraft.class_528.method_44678(class_528.java:160) ~[client-intermediary.jar:?]
	at knot/net.minecraft.class_528.method_48579(class_528.java:151) ~[client-intermediary.jar:?]
	at knot/net.minecraft.class_339.method_25394(class_339.java:66) ~[client-intermediary.jar:?]
	at knot/net.minecraft.class_437.method_25394(class_437.java:127) ~[client-intermediary.jar:?]
	at knot/net.minecraft.class_526.method_25394(class_526.java:96) ~[client-intermediary.jar:?]
	at knot/net.minecraft.class_437.method_47413(class_437.java:116) ~[client-intermediary.jar:?]
	at knot/net.minecraft.class_757.mixinextras$bridge$method_47413$89(class_757.java) ~[client-intermediary.jar:?]
	at knot/net.minecraft.class_757.wrapOperation$blg000$fabric-screen-api-v1$onRenderScreen(class_757.java:2414) ~[client-intermediary.jar:?]
	at knot/net.minecraft.class_757.mixinextras$bridge$wrapOperation$blg000$fabric-screen-api-v1$onRenderScreen$90(class_757.java) ~[client-intermediary.jar:?]
	at knot/net.minecraft.class_757.wrapOperation$bpa000$fancymenu$wrapRenderScreenFancyMenu(class_757.java:3400) ~[client-intermediary.jar:?]
	at knot/net.minecraft.class_757.mixinextras$bridge$wrapOperation$bpa000$fancymenu$wrapRenderScreenFancyMenu$92(class_757.java) ~[client-intermediary.jar:?]
	at knot/net.minecraft.class_757.wrapOperation$cin000$konkrete$wrapRenderScreen_Konkrete(class_757.java:6896) [client-intermediary.jar:?]
	at knot/net.minecraft.class_757.method_3192(class_757.java:551) [client-intermediary.jar:?]
	at knot/net.minecraft.class_310.method_1523(class_310.java:1341) [client-intermediary.jar:?]
	at knot/net.minecraft.class_310.method_1514(class_310.java:922) [client-intermediary.jar:?]
	at knot/net.minecraft.client.main.Main.main(Main.java:267) [client-intermediary.jar:?]
	at net.fabricmc.loader.impl.game.minecraft.MinecraftGameProvider.launch(MinecraftGameProvider.java:480) [fabric-loader-0.16.13.jar:?]
	at net.fabricmc.loader.impl.launch.knot.Knot.launch(Knot.java:74) [fabric-loader-0.16.13.jar:?]
	at net.fabricmc.loader.impl.launch.knot.KnotClient.main(KnotClient.java:23) [fabric-loader-0.16.13.jar:?]
[01:40:51] [Render thread/INFO]: [FANCYMENU] ScreenCustomizationLayer registered: skin_customization_screen
[01:40:54] [Render thread/INFO]: Connecting to volatik.net, 25565
[01:40:56] [Render thread/INFO]: Reloading pipeline on dimension change: minecraft:overworld => minecraft:overworld
[01:40:56] [Render thread/INFO]: Destroying pipeline minecraft:overworld
[01:40:56] [Render thread/INFO]: Creating pipeline for dimension minecraft:overworld
[01:40:56] [Render thread/INFO]: Started 6 worker threads
[01:40:56] [Render thread/INFO]: [CHAT] \n \n \n \n \n \n \n \n \n \n \n \n \n \n \n \n \n \n \n \n \n \n \n \n \n \n \n \n \n \n 
[01:40:56] [Render thread/INFO]: Stopping worker threads
[01:40:56] [Render thread/INFO]: Started 6 worker threads
[01:40:56] [Render thread/INFO]: Loaded 10 advancements
[01:40:56] [Render thread/WARN]: Time from main menu to in-game was 1.9240083 seconds
[01:40:56] [Render thread/WARN]: Total time to load game and open world was 25.247007 seconds
[01:40:58] [Render thread/INFO]: [CHAT] 
[01:40:58] [Render thread/INFO]: [CHAT] 
[01:41:05] [Render thread/INFO]: [FANCYMENU] ScreenCustomizationLayer registered: sound_options_screen
[01:41:11] [Render thread/INFO]: [FANCYMENU] ScreenCustomizationLayer registered: mouse_settings_screen
[01:41:17] [Render thread/WARN]: Requested creation of existing team 'zdefaultworld'
[01:41:20] [Render thread/INFO]: Stopping worker threads
[01:41:22] [Render thread/INFO]: Stopping!
[01:41:22] [Render thread/INFO]: [AlinaLib] This world goes round and round like a carousel in a circus.
[01:41:22] [Render thread/INFO]: [AlinaLib] Maybe the world is a circus?)
[01:41:22] [CullThread/INFO]: [STDOUT]: Shutting down culling task!
